{"/home/wilian/vscode-projects/convertmymoney/lib/api.bcb.js": {"path":"/home/wilian/vscode-projects/convertmymoney/lib/api.bcb.js","statementMap":{"0":{"start":{"line":1,"column":14},"end":{"line":1,"column":30}},"1":{"start":{"line":3,"column":15},"end":{"line":3,"column":228}},"2":{"start":{"line":3,"column":23},"end":{"line":3,"column":228}},"3":{"start":{"line":4,"column":22},"end":{"line":4,"column":43}},"4":{"start":{"line":4,"column":29},"end":{"line":4,"column":43}},"5":{"start":{"line":5,"column":23},"end":{"line":5,"column":60}},"6":{"start":{"line":5,"column":30},"end":{"line":5,"column":60}},"7":{"start":{"line":6,"column":17},"end":{"line":9,"column":1}},"8":{"start":{"line":7,"column":16},"end":{"line":7,"column":26}},"9":{"start":{"line":8,"column":2},"end":{"line":8,"column":83}},"10":{"start":{"line":11,"column":19},"end":{"line":23,"column":1}},"11":{"start":{"line":11,"column":76},"end":{"line":23,"column":1}},"12":{"start":{"line":12,"column":2},"end":{"line":21,"column":3}},"13":{"start":{"line":13,"column":18},"end":{"line":13,"column":28}},"14":{"start":{"line":14,"column":16},"end":{"line":14,"column":29}},"15":{"start":{"line":15,"column":16},"end":{"line":15,"column":40}},"16":{"start":{"line":16,"column":4},"end":{"line":16,"column":20}},"17":{"start":{"line":17,"column":20},"end":{"line":17,"column":39}},"18":{"start":{"line":18,"column":4},"end":{"line":18,"column":18}},"19":{"start":{"line":20,"column":4},"end":{"line":20,"column":13}},"20":{"start":{"line":25,"column":0},"end":{"line":34,"column":1}}},"fnMap":{"0":{"name":"(anonymous_0)","decl":{"start":{"line":3,"column":15},"end":{"line":3,"column":16}},"loc":{"start":{"line":3,"column":23},"end":{"line":3,"column":228}},"line":3},"1":{"name":"(anonymous_1)","decl":{"start":{"line":4,"column":22},"end":{"line":4,"column":23}},"loc":{"start":{"line":4,"column":29},"end":{"line":4,"column":43}},"line":4},"2":{"name":"(anonymous_2)","decl":{"start":{"line":5,"column":23},"end":{"line":5,"column":24}},"loc":{"start":{"line":5,"column":30},"end":{"line":5,"column":60}},"line":5},"3":{"name":"(anonymous_3)","decl":{"start":{"line":6,"column":17},"end":{"line":6,"column":18}},"loc":{"start":{"line":6,"column":23},"end":{"line":9,"column":1}},"line":6},"4":{"name":"(anonymous_4)","decl":{"start":{"line":11,"column":19},"end":{"line":11,"column":20}},"loc":{"start":{"line":11,"column":76},"end":{"line":23,"column":1}},"line":11},"5":{"name":"(anonymous_5)","decl":{"start":{"line":11,"column":76},"end":{"line":11,"column":77}},"loc":{"start":{"line":11,"column":88},"end":{"line":23,"column":1}},"line":11}},"branchMap":{},"s":{"0":1,"1":1,"2":1,"3":1,"4":1,"5":1,"6":1,"7":1,"8":1,"9":1,"10":1,"11":3,"12":2,"13":2,"14":2,"15":2,"16":1,"17":1,"18":1,"19":1,"20":1},"f":{"0":1,"1":1,"2":1,"3":1,"4":3,"5":2},"b":{},"_coverageSchema":"1a1c01bbd47fc00a2c39e90264f33305004495a9","hash":"b0ad065085e4ec74b3fb1ddd7222068d597354bd"}
,"/home/wilian/vscode-projects/convertmymoney/lib/api.currency.js": {"path":"/home/wilian/vscode-projects/convertmymoney/lib/api.currency.js","statementMap":{"0":{"start":{"line":1,"column":14},"end":{"line":1,"column":30}},"1":{"start":{"line":3,"column":15},"end":{"line":3,"column":72}},"2":{"start":{"line":3,"column":23},"end":{"line":3,"column":72}},"3":{"start":{"line":4,"column":22},"end":{"line":4,"column":43}},"4":{"start":{"line":4,"column":29},"end":{"line":4,"column":43}},"5":{"start":{"line":5,"column":23},"end":{"line":5,"column":54}},"6":{"start":{"line":5,"column":37},"end":{"line":5,"column":54}},"7":{"start":{"line":7,"column":17},"end":{"line":12,"column":1}},"8":{"start":{"line":8,"column":2},"end":{"line":11,"column":3}},"9":{"start":{"line":14,"column":19},"end":{"line":28,"column":1}},"10":{"start":{"line":14,"column":76},"end":{"line":28,"column":1}},"11":{"start":{"line":15,"column":2},"end":{"line":26,"column":3}},"12":{"start":{"line":16,"column":20},"end":{"line":16,"column":48}},"13":{"start":{"line":17,"column":25},"end":{"line":17,"column":53}},"14":{"start":{"line":18,"column":16},"end":{"line":18,"column":36}},"15":{"start":{"line":19,"column":16},"end":{"line":19,"column":40}},"16":{"start":{"line":22,"column":20},"end":{"line":22,"column":48}},"17":{"start":{"line":23,"column":4},"end":{"line":23,"column":18}},"18":{"start":{"line":25,"column":4},"end":{"line":25,"column":13}},"19":{"start":{"line":30,"column":0},"end":{"line":39,"column":1}}},"fnMap":{"0":{"name":"(anonymous_0)","decl":{"start":{"line":3,"column":15},"end":{"line":3,"column":16}},"loc":{"start":{"line":3,"column":23},"end":{"line":3,"column":72}},"line":3},"1":{"name":"(anonymous_1)","decl":{"start":{"line":4,"column":22},"end":{"line":4,"column":23}},"loc":{"start":{"line":4,"column":29},"end":{"line":4,"column":43}},"line":4},"2":{"name":"(anonymous_2)","decl":{"start":{"line":5,"column":23},"end":{"line":5,"column":24}},"loc":{"start":{"line":5,"column":37},"end":{"line":5,"column":54}},"line":5},"3":{"name":"(anonymous_3)","decl":{"start":{"line":7,"column":17},"end":{"line":7,"column":18}},"loc":{"start":{"line":7,"column":43},"end":{"line":12,"column":1}},"line":7},"4":{"name":"(anonymous_4)","decl":{"start":{"line":14,"column":19},"end":{"line":14,"column":20}},"loc":{"start":{"line":14,"column":76},"end":{"line":28,"column":1}},"line":14},"5":{"name":"(anonymous_5)","decl":{"start":{"line":14,"column":76},"end":{"line":14,"column":77}},"loc":{"start":{"line":14,"column":98},"end":{"line":28,"column":1}},"line":14}},"branchMap":{},"s":{"0":1,"1":1,"2":0,"3":1,"4":0,"5":1,"6":0,"7":1,"8":0,"9":1,"10":1,"11":0,"12":0,"13":0,"14":0,"15":0,"16":0,"17":0,"18":0,"19":1},"f":{"0":0,"1":0,"2":0,"3":0,"4":1,"5":0},"b":{},"_coverageSchema":"1a1c01bbd47fc00a2c39e90264f33305004495a9","hash":"34f064e86944fe45ade65aed3bb461dc2f3dac33"}
,"/home/wilian/vscode-projects/convertmymoney/lib/convert.js": {"path":"/home/wilian/vscode-projects/convertmymoney/lib/convert.js","statementMap":{"0":{"start":{"line":1,"column":19},"end":{"line":1,"column":44}},"1":{"start":{"line":3,"column":16},"end":{"line":11,"column":1}},"2":{"start":{"line":4,"column":14},"end":{"line":4,"column":15}},"3":{"start":{"line":5,"column":2},"end":{"line":9,"column":3}},"4":{"start":{"line":6,"column":4},"end":{"line":6,"column":40}},"5":{"start":{"line":8,"column":4},"end":{"line":8,"column":31}},"6":{"start":{"line":10,"column":2},"end":{"line":10,"column":14}},"7":{"start":{"line":13,"column":16},"end":{"line":21,"column":1}},"8":{"start":{"line":14,"column":14},"end":{"line":14,"column":15}},"9":{"start":{"line":15,"column":2},"end":{"line":19,"column":3}},"10":{"start":{"line":16,"column":4},"end":{"line":16,"column":19}},"11":{"start":{"line":18,"column":4},"end":{"line":18,"column":42}},"12":{"start":{"line":20,"column":2},"end":{"line":20,"column":14}},"13":{"start":{"line":23,"column":0},"end":{"line":26,"column":1}}},"fnMap":{"0":{"name":"(anonymous_0)","decl":{"start":{"line":3,"column":16},"end":{"line":3,"column":17}},"loc":{"start":{"line":3,"column":70},"end":{"line":11,"column":1}},"line":3},"1":{"name":"(anonymous_1)","decl":{"start":{"line":13,"column":16},"end":{"line":13,"column":17}},"loc":{"start":{"line":13,"column":43},"end":{"line":21,"column":1}},"line":13}},"branchMap":{"0":{"loc":{"start":{"line":5,"column":2},"end":{"line":9,"column":3}},"type":"if","locations":[{"start":{"line":5,"column":2},"end":{"line":9,"column":3}},{"start":{"line":5,"column":2},"end":{"line":9,"column":3}}],"line":5},"1":{"loc":{"start":{"line":5,"column":6},"end":{"line":5,"column":56}},"type":"binary-expr","locations":[{"start":{"line":5,"column":6},"end":{"line":5,"column":28}},{"start":{"line":5,"column":32},"end":{"line":5,"column":56}}],"line":5},"2":{"loc":{"start":{"line":15,"column":2},"end":{"line":19,"column":3}},"type":"if","locations":[{"start":{"line":15,"column":2},"end":{"line":19,"column":3}},{"start":{"line":15,"column":2},"end":{"line":19,"column":3}}],"line":15}},"s":{"0":1,"1":1,"2":3,"3":3,"4":1,"5":2,"6":3,"7":1,"8":3,"9":3,"10":1,"11":2,"12":3,"13":1},"f":{"0":3,"1":3},"b":{"0":[1,2],"1":[3,1],"2":[1,2]},"_coverageSchema":"1a1c01bbd47fc00a2c39e90264f33305004495a9","hash":"038a5d365c831e60b7c56dbc97ee8aa0b8466c29"}
}
