TN:
SF:lib/api.bcb.js
FN:3,(anonymous_0)
FN:4,(anonymous_1)
FN:5,(anonymous_2)
FN:6,(anonymous_3)
FN:11,(anonymous_4)
FN:11,(anonymous_5)
FNF:6
FNH:6
FNDA:1,(anonymous_0)
FNDA:1,(anonymous_1)
FNDA:1,(anonymous_2)
FNDA:1,(anonymous_3)
FNDA:3,(anonymous_4)
FNDA:2,(anonymous_5)
DA:1,1
DA:3,1
DA:4,1
DA:5,1
DA:6,1
DA:7,1
DA:8,1
DA:11,3
DA:12,2
DA:13,2
DA:14,2
DA:15,2
DA:16,1
DA:17,1
DA:18,1
DA:20,1
DA:25,1
LF:17
LH:17
BRF:0
BRH:0
end_of_record
TN:
SF:lib/api.currency.js
FN:3,(anonymous_0)
FN:4,(anonymous_1)
FN:5,(anonymous_2)
FN:7,(anonymous_3)
FN:14,(anonymous_4)
FN:14,(anonymous_5)
FNF:6
FNH:1
FNDA:0,(anonymous_0)
FNDA:0,(anonymous_1)
FNDA:0,(anonymous_2)
FNDA:0,(anonymous_3)
FNDA:1,(anonymous_4)
FNDA:0,(anonymous_5)
DA:1,1
DA:3,1
DA:4,1
DA:5,1
DA:7,1
DA:8,0
DA:14,1
DA:15,0
DA:16,0
DA:17,0
DA:18,0
DA:19,0
DA:22,0
DA:23,0
DA:25,0
DA:30,1
LF:16
LH:7
BRF:0
BRH:0
end_of_record
TN:
SF:lib/convert.js
FN:3,(anonymous_0)
FN:13,(anonymous_1)
FNF:2
FNH:2
FNDA:3,(anonymous_0)
FNDA:3,(anonymous_1)
DA:1,1
DA:3,1
DA:4,3
DA:5,3
DA:6,1
DA:8,2
DA:10,3
DA:13,1
DA:14,3
DA:15,3
DA:16,1
DA:18,2
DA:20,3
DA:23,1
LF:14
LH:14
BRDA:5,0,0,1
BRDA:5,0,1,2
BRDA:5,1,0,3
BRDA:5,1,1,1
BRDA:15,2,0,1
BRDA:15,2,1,2
BRF:6
BRH:6
end_of_record
